Arguments: 
  D:\nodejs\node.exe C:\Users\KIHUN.NAM\AppData\Roaming\npm\node_modules\yarn\bin\yarn.js init

PATH: 
  C:\Users\KIHUN.NAM\bin;C:\Program Files\Git\mingw64\bin;C:\Program Files\Git\usr\local\bin;C:\Program Files\Git\usr\bin;C:\Program Files\Git\usr\bin;C:\Program Files\Git\mingw64\bin;C:\Program Files\Git\usr\bin;C:\Users\KIHUN.NAM\bin;C:\Python310\Scripts;C:\Python310;C:\Program Files\Common Files\Oracle\Java\javapath;C:\WINDOWS\system32;C:\WINDOWS;C:\WINDOWS\System32\Wbem;C:\WINDOWS\System32\WindowsPowerShell\v1.0;C:\WINDOWS\System32\OpenSSH;C:\Program Files\Git\cmd;C:\Program Files\TortoiseSVN\bin;C:\Program Files\PuTTY;C:\Program Files (x86)\GitExtensions;D:\nodejs;C:\ProgramData\chocolatey\bin;D:\awscli\bin;C:\python39\Scripts;C:\python39;C:\Users\KIHUN.NAM\AppData\Local\Microsoft\WindowsApps;C:\Users\KIHUN.NAM\AppData\Local\Programs\Microsoft VS Code\bin;C:\Program Files (x86)\Nmap;D:\nodejs;C:\Users\KIHUN.NAM\AppData\Roaming\npm;C:\Program Files\Git\usr\bin\vendor_perl;C:\Program Files\Git\usr\bin\core_perl

Yarn version: 
  1.22.10

Node version: 
  14.18.1

Platform: 
  win32 x64

Trace: 
  Error: Can't answer a question unless a user TTY
      at ConsoleReporter.question (C:\Users\KIHUN.NAM\AppData\Roaming\npm\node_modules\yarn\lib\cli.js:96361:59)
      at Object.<anonymous> (C:\Users\KIHUN.NAM\AppData\Roaming\npm\node_modules\yarn\lib\cli.js:88636:38)
      at Generator.next (<anonymous>)
      at step (C:\Users\KIHUN.NAM\AppData\Roaming\npm\node_modules\yarn\lib\cli.js:310:30)
      at C:\Users\KIHUN.NAM\AppData\Roaming\npm\node_modules\yarn\lib\cli.js:321:13

npm manifest: 
  {
    "name": "node-tsnode",
    "version": "1.0.0",
    "description": "",
    "main": "index.js",
    "scripts": {
      "test": "echo \"Error: no test specified\" && exit 1"
    },
    "keywords": [],
    "author": "",
    "license": "ISC"
  }

yarn manifest: 
  No manifest

Lockfile: 
  No lockfile
